Determining if the pthread_create exist failed with the following output:
Change Dir: /home/tg/my_slam/build/CMakeFiles/CMakeTmp

Run Build Command:"/usr/bin/make" "cmTC_d9d1c/fast"
/usr/bin/make -f CMakeFiles/cmTC_d9d1c.dir/build.make CMakeFiles/cmTC_d9d1c.dir/build
make[1]: Entering directory '/home/tg/my_slam/build/CMakeFiles/CMakeTmp'
Building C object CMakeFiles/cmTC_d9d1c.dir/CheckSymbolExists.c.o
/usr/bin/cc     -o CMakeFiles/cmTC_d9d1c.dir/CheckSymbolExists.c.o   -c /home/tg/my_slam/build/CMakeFiles/CMakeTmp/CheckSymbolExists.c
Linking C executable cmTC_d9d1c
/usr/bin/cmake -E cmake_link_script CMakeFiles/cmTC_d9d1c.dir/link.txt --verbose=1
/usr/bin/cc       CMakeFiles/cmTC_d9d1c.dir/CheckSymbolExists.c.o  -o cmTC_d9d1c -rdynamic 
CMakeFiles/cmTC_d9d1c.dir/CheckSymbolExists.c.o：在函数‘main’中：
CheckSymbolExists.c:(.text+0x16)：对‘pthread_create’未定义的引用
collect2: error: ld returned 1 exit status
CMakeFiles/cmTC_d9d1c.dir/build.make:97: recipe for target 'cmTC_d9d1c' failed
make[1]: *** [cmTC_d9d1c] Error 1
make[1]: Leaving directory '/home/tg/my_slam/build/CMakeFiles/CMakeTmp'
Makefile:126: recipe for target 'cmTC_d9d1c/fast' failed
make: *** [cmTC_d9d1c/fast] Error 2

File /home/tg/my_slam/build/CMakeFiles/CMakeTmp/CheckSymbolExists.c:
/* */
#include <pthread.h>

int main(int argc, char** argv)
{
  (void)argv;
#ifndef pthread_create
  return ((int*)(&pthread_create))[argc];
#else
  (void)argc;
  return 0;
#endif
}

Determining if the function pthread_create exists in the pthreads failed with the following output:
Change Dir: /home/tg/my_slam/build/CMakeFiles/CMakeTmp

Run Build Command:"/usr/bin/make" "cmTC_25d0b/fast"
/usr/bin/make -f CMakeFiles/cmTC_25d0b.dir/build.make CMakeFiles/cmTC_25d0b.dir/build
make[1]: Entering directory '/home/tg/my_slam/build/CMakeFiles/CMakeTmp'
Building C object CMakeFiles/cmTC_25d0b.dir/CheckFunctionExists.c.o
/usr/bin/cc    -DCHECK_FUNCTION_EXISTS=pthread_create   -o CMakeFiles/cmTC_25d0b.dir/CheckFunctionExists.c.o   -c /usr/share/cmake-3.5/Modules/CheckFunctionExists.c
Linking C executable cmTC_25d0b
/usr/bin/cmake -E cmake_link_script CMakeFiles/cmTC_25d0b.dir/link.txt --verbose=1
/usr/bin/cc   -DCHECK_FUNCTION_EXISTS=pthread_create    CMakeFiles/cmTC_25d0b.dir/CheckFunctionExists.c.o  -o cmTC_25d0b -rdynamic -lpthreads 
/usr/bin/ld: 找不到 -lpthreads
collect2: error: ld returned 1 exit status
CMakeFiles/cmTC_25d0b.dir/build.make:97: recipe for target 'cmTC_25d0b' failed
make[1]: *** [cmTC_25d0b] Error 1
make[1]: Leaving directory '/home/tg/my_slam/build/CMakeFiles/CMakeTmp'
Makefile:126: recipe for target 'cmTC_25d0b/fast' failed
make: *** [cmTC_25d0b/fast] Error 2


