Determining if the pthread_create exist failed with the following output:
Change Dir: /home/tg/my_slam/src/cmake-build-debug/CMakeFiles/CMakeTmp

Run Build Command:"/usr/bin/make" "cmTC_3abee/fast"
/usr/bin/make -f CMakeFiles/cmTC_3abee.dir/build.make CMakeFiles/cmTC_3abee.dir/build
make[1]: Entering directory '/home/tg/my_slam/src/cmake-build-debug/CMakeFiles/CMakeTmp'
Building C object CMakeFiles/cmTC_3abee.dir/CheckSymbolExists.c.o
/usr/bin/cc    -o CMakeFiles/cmTC_3abee.dir/CheckSymbolExists.c.o   -c /home/tg/my_slam/src/cmake-build-debug/CMakeFiles/CMakeTmp/CheckSymbolExists.c
Linking C executable cmTC_3abee
/home/tg/clion/bin/cmake/linux/bin/cmake -E cmake_link_script CMakeFiles/cmTC_3abee.dir/link.txt --verbose=1
/usr/bin/cc      -rdynamic CMakeFiles/cmTC_3abee.dir/CheckSymbolExists.c.o  -o cmTC_3abee 
CMakeFiles/cmTC_3abee.dir/CheckSymbolExists.c.o：在函数‘main’中：
CheckSymbolExists.c:(.text+0x16)：对‘pthread_create’未定义的引用
collect2: error: ld returned 1 exit status
CMakeFiles/cmTC_3abee.dir/build.make:86: recipe for target 'cmTC_3abee' failed
make[1]: *** [cmTC_3abee] Error 1
make[1]: Leaving directory '/home/tg/my_slam/src/cmake-build-debug/CMakeFiles/CMakeTmp'
Makefile:121: recipe for target 'cmTC_3abee/fast' failed
make: *** [cmTC_3abee/fast] Error 2

File /home/tg/my_slam/src/cmake-build-debug/CMakeFiles/CMakeTmp/CheckSymbolExists.c:
/* */
#include <pthread.h>

int main(int argc, char** argv)
{
  (void)argv;
#ifndef pthread_create
  return ((int*)(&pthread_create))[argc];
#else
  (void)argc;
  return 0;
#endif
}

Determining if the function pthread_create exists in the pthreads failed with the following output:
Change Dir: /home/tg/my_slam/src/cmake-build-debug/CMakeFiles/CMakeTmp

Run Build Command:"/usr/bin/make" "cmTC_7b54f/fast"
/usr/bin/make -f CMakeFiles/cmTC_7b54f.dir/build.make CMakeFiles/cmTC_7b54f.dir/build
make[1]: Entering directory '/home/tg/my_slam/src/cmake-build-debug/CMakeFiles/CMakeTmp'
Building C object CMakeFiles/cmTC_7b54f.dir/CheckFunctionExists.c.o
/usr/bin/cc   -DCHECK_FUNCTION_EXISTS=pthread_create   -o CMakeFiles/cmTC_7b54f.dir/CheckFunctionExists.c.o   -c /home/tg/clion/bin/cmake/linux/share/cmake-3.12/Modules/CheckFunctionExists.c
Linking C executable cmTC_7b54f
/home/tg/clion/bin/cmake/linux/bin/cmake -E cmake_link_script CMakeFiles/cmTC_7b54f.dir/link.txt --verbose=1
/usr/bin/cc  -DCHECK_FUNCTION_EXISTS=pthread_create    -rdynamic CMakeFiles/cmTC_7b54f.dir/CheckFunctionExists.c.o  -o cmTC_7b54f -lpthreads 
/usr/bin/ld: 找不到 -lpthreads
collect2: error: ld returned 1 exit status
CMakeFiles/cmTC_7b54f.dir/build.make:86: recipe for target 'cmTC_7b54f' failed
make[1]: *** [cmTC_7b54f] Error 1
make[1]: Leaving directory '/home/tg/my_slam/src/cmake-build-debug/CMakeFiles/CMakeTmp'
Makefile:121: recipe for target 'cmTC_7b54f/fast' failed
make: *** [cmTC_7b54f/fast] Error 2


